<?xml version="1.0" encoding="UTF-8"?>
<!-- Generated by org.testng.reporters.JUnitReportReporter -->
<testsuite hostname="DML-rbE9bu0vttI" failures="0" tests="1" name="testa.PS2" time="0.009" errors="0" timestamp="2024-10-10T16:41:38 IST" skipped="0">
  <testcase classname="testa.PS2" name="testRun" time="0.009"/>
  <system-out/>
</testsuite> <!-- testa.PS2 -->
