<?xml version="1.0" encoding="UTF-8"?>
<!-- Generated by org.testng.reporters.JUnitReportReporter -->
<testsuite hostname="DML-rbE9bu0vttI" failures="0" tests="4" name="testa.day4" time="0.014" errors="0" timestamp="2024-10-10T16:01:57 IST" skipped="0">
  <testcase classname="testa.day4" name="APIHomelogin" time="0.004"/>
  <system-out/>
  <testcase classname="testa.day4" name="WebHomelogin" time="0.003"/>
  <system-out/>
  <testcase classname="testa.day4" name="APIHomelogin" time="0.006"/>
  <system-out/>
  <testcase classname="testa.day4" name="APIHomelogin" time="0.001"/>
  <system-out/>
</testsuite> <!-- testa.day4 -->
