<?xml version="1.0" encoding="UTF-8"?>
<!-- Generated by org.testng.reporters.JUnitReportReporter -->
<testsuite hostname="DML-rbE9bu0vttI" failures="0" tests="1" name="testa.day2" time="0.003" errors="0" timestamp="2024-10-10T16:01:57 IST" skipped="0">
  <testcase classname="testa.day2" name="Demo1" time="0.003"/>
  <system-out/>
</testsuite> <!-- testa.day2 -->
