<?xml version="1.0" encoding="UTF-8"?>
<!-- Generated by org.testng.reporters.JUnitReportReporter -->
<testsuite hostname="DML-rbE9bu0vttI" failures="0" tests="2" name="testa.day1" time="0.012" errors="0" timestamp="2024-10-29T13:29:59 IST" skipped="0">
  <testcase classname="testa.day1" name="Demo" time="0.011"/>
  <system-out/>
  <testcase classname="testa.day1" name="SecondDemo" time="0.001"/>
  <system-out/>
</testsuite> <!-- testa.day1 -->
